<?xml version="1.0" encoding="UTF-8"?>
<!-- Generated by org.testng.reporters.JUnitXMLReporter -->
<testsuite hostname="Nitesh" ignored="0" name="Test" tests="15" failures="1" timestamp="29 Oct 2017 08:49:14 GMT" time="871.654" errors="0">
  <testcase name="Error_assertion" time="16.305" classname="com.provar.test.AccountTest"/>
  <testcase name="createAccount" time="31.316" classname="com.provar.test.AccountTest"/>
  <testcase name="pageError" time="21.732" classname="com.provar.test.AccountTest"/>
  <testcase name="vfMapping" time="28.897" classname="com.provar.test.AccountTest"/>
  <testcase name="InlineAndAssert" time="70.617" classname="com.provar.test.AccountTest"/>
  <testcase name="UpdateAndAssertRecord" time="61.616" classname="com.provar.test.AccountTest"/>
  <testcase name="selectRecord" time="62.302" classname="com.provar.test.AccountTest"/>
  <testcase name="uploadFile" time="64.838" classname="com.provar.test.AccountTest"/>
  <testcase name="Error_assertion" time="9.951" classname="com.provar.test.AccountTestLT"/>
  <testcase name="createAccount" time="29.065" classname="com.provar.test.AccountTestLT"/>
  <testcase name="pageError" time="10.822" classname="com.provar.test.AccountTestLT"/>
  <testcase name="vfMapping" time="44.52" classname="com.provar.test.AccountTestLT">
    <failure type="org.openqa.selenium.NoSuchElementException" message="no such element: Unable to locate element: {&amp;quot;method&amp;quot;:&amp;quot;xpath&amp;quot;,&amp;quot;selector&amp;quot;:&amp;quot;//input[@name=&amp;apos;j_id0:j_id1:j_id2:j_id8:j_id10&amp;apos;]&amp;quot;}
  (Session info: chrome=61.0.3163.100)
  (Driver info: chromedriver=2.32.498550 (9dec58e66c31bcc53a9ce3c7226f0c1c5810906a),platform=Windows NT 10.0.15063 x86_64) (WARNING: The server did not provide any stacktrace information)
Command duration or timeout: 0 milliseconds
For documentation on this error, please visit: http://seleniumhq.org/exceptions/no_such_element.html
Build info: version: &amp;apos;3.5.3&amp;apos;, revision: &amp;apos;a88d25fe6b&amp;apos;, time: &amp;apos;2017-08-29T12:42:44.417Z&amp;apos;
System info: host: &amp;apos;NITESH&amp;apos;, ip: &amp;apos;192.168.0.100&amp;apos;, os.name: &amp;apos;Windows 10&amp;apos;, os.arch: &amp;apos;amd64&amp;apos;, os.version: &amp;apos;10.0&amp;apos;, java.version: &amp;apos;1.8.0_144&amp;apos;
Driver info: org.openqa.selenium.chrome.ChromeDriver
Capabilities [{mobileEmulationEnabled=false, hasTouchScreen=false, platform=XP, acceptSslCerts=true, webStorageEnabled=true, browserName=chrome, takesScreenshot=true, javascriptEnabled=true, platformName=XP, setWindowRect=true, unexpectedAlertBehaviour=, applicationCacheEnabled=false, rotatable=false, networkConnectionEnabled=false, chrome={chromedriverVersion=2.32.498550 (9dec58e66c31bcc53a9ce3c7226f0c1c5810906a), userDataDir=C:\Users\Provar\AppData\Local\Temp\scoped_dir11248_5937}, takesHeapSnapshot=true, pageLoadStrategy=normal, unhandledPromptBehavior=, databaseEnabled=false, handlesAlerts=true, version=61.0.3163.100, browserConnectionEnabled=false, nativeEvents=true, locationContextEnabled=true, cssSelectorsEnabled=true}]
Session ID: 3e8d119a6b86d3e8843768498538a753
*** Element info: {Using=xpath, value=//input[@name=&amp;apos;j_id0:j_id1:j_id2:j_id8:j_id10&amp;apos;]}">
      <![CDATA[org.openqa.selenium.NoSuchElementException: no such element: Unable to locate element: {"method":"xpath","selector":"//input[@name='j_id0:j_id1:j_id2:j_id8:j_id10']"}
  (Session info: chrome=61.0.3163.100)
  (Driver info: chromedriver=2.32.498550 (9dec58e66c31bcc53a9ce3c7226f0c1c5810906a),platform=Windows NT 10.0.15063 x86_64) (WARNING: The server did not provide any stacktrace information)
Command duration or timeout: 0 milliseconds
For documentation on this error, please visit: http://seleniumhq.org/exceptions/no_such_element.html
Build info: version: '3.5.3', revision: 'a88d25fe6b', time: '2017-08-29T12:42:44.417Z'
System info: host: 'NITESH', ip: '192.168.0.100', os.name: 'Windows 10', os.arch: 'amd64', os.version: '10.0', java.version: '1.8.0_144'
Driver info: org.openqa.selenium.chrome.ChromeDriver
Capabilities [{mobileEmulationEnabled=false, hasTouchScreen=false, platform=XP, acceptSslCerts=true, webStorageEnabled=true, browserName=chrome, takesScreenshot=true, javascriptEnabled=true, platformName=XP, setWindowRect=true, unexpectedAlertBehaviour=, applicationCacheEnabled=false, rotatable=false, networkConnectionEnabled=false, chrome={chromedriverVersion=2.32.498550 (9dec58e66c31bcc53a9ce3c7226f0c1c5810906a), userDataDir=C:\Users\Provar\AppData\Local\Temp\scoped_dir11248_5937}, takesHeapSnapshot=true, pageLoadStrategy=normal, unhandledPromptBehavior=, databaseEnabled=false, handlesAlerts=true, version=61.0.3163.100, browserConnectionEnabled=false, nativeEvents=true, locationContextEnabled=true, cssSelectorsEnabled=true}]
Session ID: 3e8d119a6b86d3e8843768498538a753
*** Element info: {Using=xpath, value=//input[@name='j_id0:j_id1:j_id2:j_id8:j_id10']}
	at org.openqa.selenium.remote.ErrorHandler.createThrowable(ErrorHandler.java:215)
	at org.openqa.selenium.remote.ErrorHandler.throwIfResponseFailed(ErrorHandler.java:167)
	at org.openqa.selenium.remote.http.JsonHttpResponseCodec.reconstructValue(JsonHttpResponseCodec.java:40)
	at org.openqa.selenium.remote.http.AbstractHttpResponseCodec.decode(AbstractHttpResponseCodec.java:82)
	at org.openqa.selenium.remote.http.AbstractHttpResponseCodec.decode(AbstractHttpResponseCodec.java:45)
	at org.openqa.selenium.remote.HttpCommandExecutor.execute(HttpCommandExecutor.java:164)
	at org.openqa.selenium.remote.service.DriverCommandExecutor.execute(DriverCommandExecutor.java:82)
	at org.openqa.selenium.remote.RemoteWebDriver.execute(RemoteWebDriver.java:646)
	at org.openqa.selenium.remote.RemoteWebDriver.findElement(RemoteWebDriver.java:416)
	at org.openqa.selenium.remote.RemoteWebDriver.findElementByXPath(RemoteWebDriver.java:518)
	at org.openqa.selenium.By$ByXPath.findElement(By.java:361)
	at org.openqa.selenium.remote.RemoteWebDriver.findElement(RemoteWebDriver.java:408)
	at org.openqa.selenium.support.pagefactory.DefaultElementLocator.findElement(DefaultElementLocator.java:69)
	at org.openqa.selenium.support.pagefactory.internal.LocatingElementHandler.invoke(LocatingElementHandler.java:38)
	at com.sun.proxy.$Proxy9.sendKeys(Unknown Source)
	at com.provar.object.Vf_Only_LT.vf_mapping(Vf_Only_LT.java:33)
	at com.provar.test.AccountTestLT.vfMapping(AccountTestLT.java:114)
... Removed 29 stack frames]]>
    </failure>
  </testcase> <!-- vfMapping -->
  <testcase name="UpdateAndAssertRecord" time="30.894" classname="com.provar.test.AccountTestLT"/>
  <testcase name="selectRecord" time="15.234" classname="com.provar.test.AccountTestLT"/>
  <testcase name="uploadFile" time="28.04" classname="com.provar.test.AccountTestLT"/>
</testsuite> <!-- Test -->
